<?xml version="1.0" encoding="UTF-8"?>
<testsuite xmlns:xsi="http://www.w3.org/2001/XMLSchema-instance" xsi:noNamespaceSchemaLocation="https://maven.apache.org/surefire/maven-surefire-plugin/xsd/surefire-test-report-3.0.xsd" version="3.0" name="Checking toolbar" time="75.443" tests="2" errors="0" skipped="0" failures="0">
  <properties>
[...]
</properties>
  <testcase name="Checking packages" classname="Checking toolbar" time="40.603">
    <system-out><![CDATA[
Scenario: Checking packages             # src/test/resources/feature/packages.feature:3
  Given I open the app                  # com.adak.step_defenitions.packages_steps.i_open_the_app()
  When I click on packages on toolbar   # com.adak.step_defenitions.packages_steps.i_click_on_packages_on_toolbar()
  And I click on buy new package        # com.adak.step_defenitions.packages_steps.i_click_on_buy_new_package()
  And I click on internet               # com.adak.step_defenitions.packages_steps.i_click_on_internet()
  And I click on conversation           # com.adak.step_defenitions.packages_steps.i_click_on_conversation()
  And I click on mci                    # com.adak.step_defenitions.packages_steps.i_click_on_mci()
WARN Appium Appium encountered 4 warnings while validating drivers found in manifest /Users/qtroom/.appium/node_modules/.cache/appium/extensions.yaml
WARN Appium Driver "uiautomator2" has 1 potential problem: 
WARN Appium   - Driver "uiautomator2" (package `appium-uiautomator2-driver`) may be incompatible with the current version of Appium (v2.0.0-rc.3) due to its peer dependency on older Appium v^2.0.0. Please upgrade `appium-uiautomator2-driver` to v2.45.1 or newer.
WARN Appium Driver "xcuitest" has 1 potential problem: 
WARN Appium   - Driver "xcuitest" (package `appium-xcuitest-driver`) may be incompatible with the current version of Appium (v2.0.0-rc.3) due to its peer dependency on older Appium v^2.0.0. Please upgrade `appium-xcuitest-driver` to v5.16.1 or newer.
WARN Appium Driver "playwright" has 1 potential problem: 
WARN Appium   - Driver "playwright" (package `@dlenroc/appium-playwright-driver`) may be incompatible with the current version of Appium (v2.0.0-rc.3) due to an invalid or missing peer dependency on Appium. Please ask the developer of `@dlenroc/appium-playwright-driver` to add a peer dependency on `^appium@2.0.0-rc.3`.
WARN Appium Driver "chromium" has 1 potential problem: 
WARN Appium   - Driver "chromium" (package `appium-chromium-driver`) may be incompatible with the current version of Appium (v2.0.0-rc.3) due to its peer dependency on older Appium v^2.0.0. Please upgrade `appium-chromium-driver` to v1.3.24 or newer.
  And I click on hybrid                 # com.adak.step_defenitions.packages_steps.i_click_on_hybrid()
  And I click on sms                    # com.adak.step_defenitions.packages_steps.i_click_on_sms()
  And I click on international          # com.adak.step_defenitions.packages_steps.i_click_on_international()
  And I click on roming                 # com.adak.step_defenitions.packages_steps.i_click_on_roming()
  Then everything should work correctly # com.adak.step_defenitions.packages_steps.everything_should_work_correctly()
]]></system-out>
  </testcase>
  <testcase name="Checking charge" classname="Checking toolbar" time="34.789">
    <system-out><![CDATA[
@A
Scenario: Checking charge               # src/test/resources/feature/packages.feature:17
WARN Appium Appium encountered 4 warnings while validating plugins found in manifest /Users/qtroom/.appium/node_modules/.cache/appium/extensions.yaml
WARN Appium Plugin "device-farm" has 1 potential problem: 
WARN Appium   - Plugin "device-farm" (package `appium-device-farm`) may be incompatible with the current version of Appium (v2.0.0-rc.3) due to its peer dependency on older Appium v^2.2.1. Please upgrade `appium-device-farm` to v8.4.6 or newer.
WARN Appium Plugin "images" has 1 potential problem: 
WARN Appium   - Plugin "images" (package `@appium/images-plugin`) may be incompatible with the current version of Appium (v2.0.0-rc.3) due to its peer dependency on older Appium v^2.0.0. Please upgrade `@appium/images-plugin` to v2.1.8 or newer.
&amp#27;[35m[Appium]&amp#27;[39m Welcome to Appium v2.0.0-rc.3
&amp#27;[35m[Appium]&amp#27;[39m Non-default server args:
&amp#27;[35m[Appium]&amp#27;[39m { address: &amp#27;[32m'127.0.0.1'&amp#27;[39m }
&amp#27;[35m[Appium]&amp#27;[39m Attempting to load driver uiautomator2...
[debug] &amp#27;[35m[Appium]&amp#27;[39m Requiring driver at /Users/qtroom/.appium/node_modules/appium-uiautomator2-driver
&amp#27;[35m[Appium]&amp#27;[39m Attempting to load driver xcuitest...
[debug] &amp#27;[35m[Appium]&amp#27;[39m Requiring driver at /Users/qtroom/.appium/node_modules/appium-xcuitest-driver
&amp#27;[35m[Appium]&amp#27;[39m Attempting to load driver playwright...
[debug] &amp#27;[35m[Appium]&amp#27;[39m Requiring driver at /Users/qtroom/Documents/appium_playwright/appium-playwright-driver
&amp#27;[35m[Appium]&amp#27;[39m Attempting to load driver chromium...
[debug] &amp#27;[35m[Appium]&amp#27;[39m Requiring driver at /Users/qtroom/.appium/node_modules/appium-chromium-driver
&amp#27;[35m[Appium]&amp#27;[39m Appium REST http interface listener started on http://127.0.0.1:4723
&amp#27;[35m[Appium]&amp#27;[39m Available drivers:
&amp#27;[35m[Appium]&amp#27;[39m   - uiautomator2@2.34.1 (automationName 'UiAutomator2')
&amp#27;[35m[Appium]&amp#27;[39m   - xcuitest@5.10.2 (automationName 'XCUITest')
&amp#27;[35m[Appium]&amp#27;[39m   - playwright@0.0.2 (automationName 'Playwright')
&amp#27;[35m[Appium]&amp#27;[39m   - chromium@1.2.50 (automationName 'Chromium')
&amp#27;[35m[Appium]&amp#27;[39m Available plugins:
&amp#27;[35m[Appium]&amp#27;[39m   - device-farm@8.3.16
&amp#27;[35m[Appium]&amp#27;[39m   - appium-dashboard@v2.0.2
&amp#27;[35m[Appium]&amp#27;[39m   - images@2.1.7
&amp#27;[35m[Appium]&amp#27;[39m   - element-wait@2.0.3
&amp#27;[35m[Appium]&amp#27;[39m No plugins activated. Use the --use-plugins flag with names of plugins to activate
  Given I open the app                  # com.adak.step_defenitions.packages_steps.i_open_the_app()
  When I click on charge on toolbar     # com.adak.step_defenitions.packages_steps.i_click_on_charge_on_toolbar()
  And I click on extraordinary details  # com.adak.step_defenitions.packages_steps.i_click_on_extraordinary_details()
  And I click on loyality details       # com.adak.step_defenitions.packages_steps.i_click_on_loyality_details()
  And I click on ladyes details         # com.adak.step_defenitions.packages_steps.i_click_on_ladyes_details()
  And I click on buy new charge         # com.adak.step_defenitions.packages_steps.i_click_on_buy_new_charge()
  And I click on extraordinary          # com.adak.step_defenitions.packages_steps.i_click_on_extraordinary()
  And I click on ladyes                 # com.adak.step_defenitions.packages_steps.i_click_on_ladyes()
  And I click on teens                  # com.adak.step_defenitions.packages_steps.i_click_on_teens()
  And I click on loyality               # com.adak.step_defenitions.packages_steps.i_click_on_loyality()
  And I click on buy                    # com.adak.step_defenitions.packages_steps.i_click_on_buy()
  And I click on parachute              # com.adak.step_defenitions.packages_steps.i_click_on_parachute()
  Then everything should work correctly # com.adak.step_defenitions.packages_steps.everything_should_work_correctly()
]]></system-out>
  </testcase>
</testsuite>