<?xml version="1.0" encoding="UTF-8"?>
<testsuite xmlns:xsi="http://www.w3.org/2001/XMLSchema-instance" xsi:noNamespaceSchemaLocation="https://maven.apache.org/surefire/maven-surefire-plugin/xsd/surefire-test-report-3.0.xsd" version="3.0" name="logging in MCI" time="20.78" tests="1" errors="0" skipped="0" failures="0">
  <properties>
[...]
</properties>
  <testcase name="login and otp" classname="logging in MCI" time="20.739">
    <system-out><![CDATA[
Scenario: login and otp                        # src/test/resources/feature/login.feature:3
  Given I start the app                        # com.adak.step_defenitions.login_steps.i_start_the_app()
  When I skip the intro                        # com.adak.step_defenitions.login_steps.i_skip_the_intro()
  And I enter my number and click on step code # com.adak.step_defenitions.login_steps.i_enter_my_number_and_click_on_step_code()
  And I enter the vertification code           # com.adak.step_defenitions.login_steps.i_enter_the_vertification_code()
  Then I should be in main app page            # com.adak.step_defenitions.login_steps.i_should_be_in_main_app_page()
]]></system-out>
  </testcase>
</testsuite>